This is pdfTeX, Version 3.141592653-2.6-1.40.24 (TeX Live 2022) (preloaded format=pdflatex 2022.11.3)  16 MAY 2023 09:28
entering extended mode
 restricted \write18 enabled.
 %&-line parsing enabled.
**microdata_descriptive_summary_table.tex
(./microdata_descriptive_summary_table.tex
LaTeX2e <2022-11-01>
L3 programming layer <2022-11-02> (/usr/local/texlive/texmf-dist/tex/latex/base
/article.cls
Document Class: article 2022/07/02 v1.4n Standard LaTeX document class
(/usr/local/texlive/texmf-dist/tex/latex/base/size10.clo
File: size10.clo 2022/07/02 v1.4n Standard LaTeX file (size option)
)
\c@part=\count185
\c@section=\count186
\c@subsection=\count187
\c@subsubsection=\count188
\c@paragraph=\count189
\c@subparagraph=\count190
\c@figure=\count191
\c@table=\count192
\abovecaptionskip=\skip47
\belowcaptionskip=\skip48
\bibindent=\dimen140
)

! LaTeX Error: File `amsmath.sty' not found.

Type X to quit or <RETURN> to proceed,
or enter new name. (Default extension: sty)

Enter file name: 
! Emergency stop.
<read *> 
         
l.8 \usepackage
               {lmodern}^^M 
Here is how much of TeX's memory you used:
 239 strings out of 476931
 3157 string characters out of 5825486
 339625 words of memory out of 5000000
 21579 multiletter control sequences out of 15000+600000
 469259 words of font info for 28 fonts, out of 8000000 for 9000
 14 hyphenation exceptions out of 8191
 34i,0n,38p,182b,36s stack positions out of 10000i,1000n,20000p,200000b,200000s

!  ==> Fatal error occurred, no output PDF file produced!
